<?xml version="1.0" encoding="UTF-8"?>
<testng-results ignored="0" total="1" passed="1" failed="0" skipped="0">
  <reporter-output>
  </reporter-output>
  <suite started-at="2022-08-18T23:08:07 IST" name="Default suite" finished-at="2022-08-18T23:08:14 IST" duration-ms="7494">
    <groups>
    </groups>
    <test started-at="2022-08-18T23:08:07 IST" name="Default test" finished-at="2022-08-18T23:08:14 IST" duration-ms="7494">
      <class name="genericlibrary.BaseClass">
        <test-method is-config="true" signature="OpenApp()[pri:0, instance:genericlibrary.BaseClass@c88a337]" started-at="2022-08-18T23:08:07 IST" name="OpenApp" finished-at="2022-08-18T23:08:14 IST" duration-ms="7165" status="PASS">
          <reporter-output>
          </reporter-output>
        </test-method> <!-- OpenApp -->
        <test-method signature="display()[pri:0, instance:genericlibrary.BaseClass@c88a337]" started-at="2022-08-18T23:08:14 IST" name="display" finished-at="2022-08-18T23:08:14 IST" duration-ms="11" status="PASS">
          <reporter-output>
          </reporter-output>
        </test-method> <!-- display -->
        <test-method is-config="true" signature="CloseApp(org.testng.ITestResult)[pri:0, instance:genericlibrary.BaseClass@c88a337]" started-at="2022-08-18T23:08:14 IST" name="CloseApp" finished-at="2022-08-18T23:08:14 IST" duration-ms="261" status="PASS">
          <params>
            <param index="0">
              <value>
                <![CDATA[[TestResult name=display status=SUCCESS method=BaseClass.display()[pri:0, instance:genericlibrary.BaseClass@c88a337] output={null}]]]>
              </value>
            </param>
          </params>
          <reporter-output>
          </reporter-output>
        </test-method> <!-- CloseApp -->
      </class> <!-- genericlibrary.BaseClass -->
    </test> <!-- Default test -->
  </suite> <!-- Default suite -->
</testng-results>
